hendrixgpu20fl.unicph.domain
0
Compiling prefix.fut...
Reporting arithmetic mean runtime of at least 10 runs for each dataset (min 0.5s).
More runs automatically performed for up to 300s to ensure accurate measurement.

prefix.fut:test_hillis (no tuning file):
[1024]i32:                                        53μs (95% CI: [      53.1,       53.3])
[2048]i32:                                        61μs (95% CI: [      60.6,       60.8])
[4096]i32:                                        62μs (95% CI: [      61.9,       62.1])
[8192]i32:                                        64μs (95% CI: [      64.3,       64.5])
[16384]i32:                                       69μs (95% CI: [      69.0,       69.2])
[32768]i32:                                       73μs (95% CI: [      72.8,       73.4])
[65536]i32:                                       77μs (95% CI: [      76.7,       77.0])
[131072]i32:                                      80μs (95% CI: [      79.7,       79.9])
[262144]i32:                                      85μs (95% CI: [      84.5,       85.1])
[524288]i32:                                     118μs (95% CI: [     117.6,      117.9])
[1048576]i32:                                    350μs (95% CI: [     350.3,      350.6])
[2097152]i32:                                    671μs (95% CI: [     670.7,      673.2])
[4194304]i32:                                   1445μs (95% CI: [    1440.5,     1448.3])
[8388608]i32:                                   2916μs (95% CI: [    2912.8,     2917.8])
[16777216]i32:                                  5957μs (95% CI: [    5951.7,     5961.1])
[33554432]i32:                                 12312μs (95% CI: [   12305.1,    12316.4])
[67108864]i32:                                 25801μs (95% CI: [   25791.8,    25806.8])
[134217728]i32:                                54126μs (95% CI: [   54106.5,    54141.3])

prefix.fut:test_efficient (no tuning file):
[1024]i32:                                       197μs (95% CI: [     196.9,      197.4])
[2048]i32:                                       217μs (95% CI: [     217.2,      217.7])
[4096]i32:                                       233μs (95% CI: [     232.4,      232.8])
[8192]i32:                                       246μs (95% CI: [     245.3,      245.9])
[16384]i32:                                      260μs (95% CI: [     259.8,      260.7])
[32768]i32:                                      281μs (95% CI: [     281.1,      281.9])
[65536]i32:                                      298μs (95% CI: [     297.4,      298.1])
[131072]i32:                                     314μs (95% CI: [     314.2,      314.8])
[262144]i32:                                     331μs (95% CI: [     331.2,      331.7])
[524288]i32:                                     349μs (95% CI: [     348.6,      349.3])
[1048576]i32:                                    406μs (95% CI: [     405.7,      406.5])
[2097152]i32:                                    772μs (95% CI: [     771.6,      773.1])
[4194304]i32:                                   1439μs (95% CI: [    1435.7,     1441.9])
[8388608]i32:                                   2650μs (95% CI: [    2641.7,     2658.3])
[16777216]i32:                                  5157μs (95% CI: [    5149.3,     5166.9])
[33554432]i32:                                 10038μs (95% CI: [   10026.7,    10046.8])
[67108864]i32:                                 19726μs (95% CI: [   19710.5,    19740.3])
[134217728]i32:                                39132μs (95% CI: [   39106.6,    39153.2])

prefix.fut:test_scan (no tuning file):
[1024]i32:                                        15μs (95% CI: [      15.3,       15.4])
[2048]i32:                                        16μs (95% CI: [      16.0,       16.0])
[4096]i32:                                        17μs (95% CI: [      17.1,       17.1])
[8192]i32:                                        17μs (95% CI: [      16.7,       16.8])
[16384]i32:                                       18μs (95% CI: [      18.4,       18.5])
[32768]i32:                                       18μs (95% CI: [      18.0,       18.1])
[65536]i32:                                       19μs (95% CI: [      18.8,       18.8])
[131072]i32:                                      23μs (95% CI: [      22.8,       22.8])
[262144]i32:                                      26μs (95% CI: [      26.4,       26.5])
[524288]i32:                                      35μs (95% CI: [      35.4,       35.4])
[1048576]i32:                                     44μs (95% CI: [      44.1,       44.8])
[2097152]i32:                                     84μs (95% CI: [      84.4,       84.5])
[4194304]i32:                                    152μs (95% CI: [     152.4,      152.5])
[8388608]i32:                                    291μs (95% CI: [     291.2,      291.4])
[16777216]i32:                                   571μs (95% CI: [     571.0,      571.4])
[33554432]i32:                                  1125μs (95% CI: [    1124.4,     1125.0])
[67108864]i32:                                  2250μs (95% CI: [    2248.2,     2251.2])
[134217728]i32:                                 4513μs (95% CI: [    4509.6,     4516.7])
Compiling prefix.fut...
Reporting arithmetic mean runtime of at least 10 runs for each dataset (min 0.5s).
More runs automatically performed for up to 300s to ensure accurate measurement.

prefix.fut:test_hillis (no tuning file):
[1024]i32:                                         8μs (95% CI: [       7.6,        7.6])
[2048]i32:                                        16μs (95% CI: [      16.3,       16.4])
[4096]i32:                                        34μs (95% CI: [      34.4,       34.4])
[8192]i32:                                        73μs (95% CI: [      72.5,       72.6])
[16384]i32:                                      154μs (95% CI: [     153.9,      154.2])
[32768]i32:                                      329μs (95% CI: [     329.1,      329.8])
[65536]i32:                                      812μs (95% CI: [     811.6,      813.5])
[131072]i32:                                    1489μs (95% CI: [    1487.5,     1490.1])
[262144]i32:                                    3199μs (95% CI: [    3192.5,     3208.0])
[524288]i32:                                    6991μs (95% CI: [    6981.6,     7000.9])
[1048576]i32:                                  15245μs (95% CI: [   15195.0,    15301.0])
[2097152]i32:                                  36104μs (95% CI: [   35882.6,    36317.6])
[4194304]i32:                                  81436μs (95% CI: [   81041.0,    82632.6])
[8388608]i32:                                 167556μs (95% CI: [  167051.0,   168073.7])
[16777216]i32:                                352720μs (95% CI: [  352004.4,   353185.3])
[33554432]i32:                                740131μs (95% CI: [  738634.9,   741569.6])
[67108864]i32:                               1547111μs (95% CI: [ 1545895.9,  1548723.9])
[134217728]i32:                              3412457μs (95% CI: [ 3402024.6,  3427926.0])

prefix.fut:test_efficient (no tuning file):
[1024]i32:                                        12μs (95% CI: [      11.5,       11.6])
[2048]i32:                                        20μs (95% CI: [      19.9,       19.9])
[4096]i32:                                        32μs (95% CI: [      32.3,       32.4])
[8192]i32:                                        63μs (95% CI: [      62.9,       63.0])
[16384]i32:                                      124μs (95% CI: [     123.7,      123.9])
[32768]i32:                                      252μs (95% CI: [     251.7,      252.1])
[65536]i32:                                      518μs (95% CI: [     517.8,      518.5])
[131072]i32:                                    1100μs (95% CI: [    1098.7,     1101.7])
[262144]i32:                                    2788μs (95% CI: [    2783.6,     2792.7])
[524288]i32:                                    6341μs (95% CI: [    6329.2,     6354.6])
[1048576]i32:                                  13541μs (95% CI: [   13182.0,    13962.6])
[2097152]i32:                                  51686μs (95% CI: [   49311.2,    52549.3])
[4194304]i32:                                 102822μs (95% CI: [   99437.2,   105901.8])
[8388608]i32:                                 203032μs (95% CI: [  198716.7,   207044.3])
[16777216]i32:                                406897μs (95% CI: [  401792.0,   411692.9])
[33554432]i32:                                761348μs (95% CI: [  758810.9,   763288.5])
[67108864]i32:                               1487337μs (95% CI: [ 1482963.2,  1492822.6])
[134217728]i32:                              2903546μs (95% CI: [ 2899427.4,  2908749.5])

prefix.fut:test_scan (no tuning file):
[1024]i32:                                         1μs (95% CI: [       0.5,        0.6])
[2048]i32:                                         1μs (95% CI: [       1.1,        1.1])
[4096]i32:                                         2μs (95% CI: [       1.7,        1.7])
[8192]i32:                                         3μs (95% CI: [       3.3,        3.3])
[16384]i32:                                        7μs (95% CI: [       6.5,        6.6])
[32768]i32:                                       13μs (95% CI: [      12.9,       12.9])
[65536]i32:                                       27μs (95% CI: [      27.0,       27.1])
[131072]i32:                                      53μs (95% CI: [      53.3,       53.4])
[262144]i32:                                     110μs (95% CI: [     109.7,      109.9])
[524288]i32:                                     232μs (95% CI: [     232.2,      232.7])
[1048576]i32:                                    449μs (95% CI: [     448.4,      449.5])
[2097152]i32:                                   1423μs (95% CI: [    1420.4,     1425.8])
[4194304]i32:                                   2846μs (95% CI: [    2827.5,     2864.1])
[8388608]i32:                                   5849μs (95% CI: [    5833.0,     5865.2])
[16777216]i32:                                 11996μs (95% CI: [   11969.7,    12018.4])
[33554432]i32:                                 23794μs (95% CI: [   23758.0,    23835.1])
[67108864]i32:                                 47949μs (95% CI: [   47876.4,    48036.1])
[134217728]i32:                                94061μs (95% CI: [   93967.0,    94149.8])
