hendrixgpu20fl.unicph.domain
0
Compiling prefix.fut...
Reporting arithmetic mean runtime of at least 10 runs for each dataset (min 0.5s).
More runs automatically performed for up to 300s to ensure accurate measurement.

prefix.fut:test_hillis (no tuning file):
[1024]i32:                                        62μs (95% CI: [      61.8,       65.4])
[2048]i32:                                        66μs (95% CI: [      65.6,       66.0])
[4096]i32:                                        69μs (95% CI: [      68.6,       71.1])
[8192]i32:                                        74μs (95% CI: [      73.7,       74.0])
[16384]i32:                                       77μs (95% CI: [      77.1,       77.7])
[32768]i32:                                       81μs (95% CI: [      80.4,       82.7])
[65536]i32:                                       84μs (95% CI: [      84.2,       84.6])
[131072]i32:                                      88μs (95% CI: [      88.0,       90.6])
[262144]i32:                                      91μs (95% CI: [      91.0,       91.4])
[524288]i32:                                     120μs (95% CI: [     119.2,      122.7])
[1048576]i32:                                    366μs (95% CI: [     365.1,      366.4])
[2097152]i32:                                    675μs (95% CI: [     675.1,      675.5])
[4194304]i32:                                   1419μs (95% CI: [    1417.6,     1419.6])
[8388608]i32:                                   2860μs (95% CI: [    2856.5,     2862.0])

prefix.fut:test_efficient (no tuning file):
[1024]i32:                                       209μs (95% CI: [     209.2,      209.8])
[2048]i32:                                       226μs (95% CI: [     225.9,      226.6])
[4096]i32:                                       245μs (95% CI: [     242.8,      249.4])
[8192]i32:                                       256μs (95% CI: [     255.7,      258.5])
[16384]i32:                                      277μs (95% CI: [     277.1,      277.9])
[32768]i32:                                      299μs (95% CI: [     299.1,      299.8])
[65536]i32:                                      314μs (95% CI: [     313.0,      314.1])
[131072]i32:                                     334μs (95% CI: [     333.6,      334.7])
[262144]i32:                                     354μs (95% CI: [     353.1,      354.2])
[524288]i32:                                     377μs (95% CI: [     376.0,      377.9])
[1048576]i32:                                    415μs (95% CI: [     414.4,      415.6])
[2097152]i32:                                    782μs (95% CI: [     781.2,      782.0])
[4194304]i32:                                   1466μs (95% CI: [    1464.9,     1467.1])
[8388608]i32:                                   2664μs (95% CI: [    2662.5,     2665.2])
Compiling prefix.fut...
Reporting arithmetic mean runtime of at least 10 runs for each dataset (min 0.5s).
More runs automatically performed for up to 300s to ensure accurate measurement.

prefix.fut:test_hillis (no tuning file):
[1024]i32:                                        10μs (95% CI: [       9.7,        9.7])
[2048]i32:                                        18μs (95% CI: [      17.9,       18.0])
[4096]i32:                                        35μs (95% CI: [      34.9,       35.0])
[8192]i32:                                        70μs (95% CI: [      70.3,       70.4])
[16384]i32:                                      149μs (95% CI: [     149.2,      149.6])
[32768]i32:                                      309μs (95% CI: [     308.2,      309.1])
[65536]i32:                                      797μs (95% CI: [     796.3,      798.6])
[131072]i32:                                    1438μs (95% CI: [    1435.1,     1441.2])
[262144]i32:                                    2978μs (95% CI: [    2969.1,     2986.2])
[524288]i32:                                    6704μs (95% CI: [    6688.0,     6716.8])
[1048576]i32:                                  13744μs (95% CI: [   13692.9,    13821.9])
[2097152]i32:                                  30731μs (95% CI: [   30017.0,    31343.3])
[4194304]i32:                                  72278μs (95% CI: [   71803.9,    72988.6])
[8388608]i32:                                 153063μs (95% CI: [  151338.7,   155405.1])

prefix.fut:test_efficient (no tuning file):
[1024]i32:                                        12μs (95% CI: [      11.7,       11.7])
[2048]i32:                                        19μs (95% CI: [      19.5,       19.5])
[4096]i32:                                        34μs (95% CI: [      33.8,       34.1])
[8192]i32:                                        62μs (95% CI: [      62.4,       62.6])
[16384]i32:                                      124μs (95% CI: [     123.4,      123.7])
[32768]i32:                                      248μs (95% CI: [     247.5,      248.2])
[65536]i32:                                      503μs (95% CI: [     502.9,      504.0])
[131072]i32:                                    1060μs (95% CI: [    1058.8,     1061.0])
[262144]i32:                                    2351μs (95% CI: [    2345.6,     2358.5])
[524288]i32:                                    5139μs (95% CI: [    5123.9,     5156.0])
[1048576]i32:                                  12248μs (95% CI: [   12212.3,    12280.2])
[2097152]i32:                                  39799μs (95% CI: [   39638.6,    40023.3])
[4194304]i32:                                  87157μs (95% CI: [   86489.9,    88311.4])
[8388608]i32:                                 180668μs (95% CI: [  179774.2,   181581.6])
