hendrixgpu20fl.unicph.domain
0
Compiling prefix.fut...
Reporting arithmetic mean runtime of at least 10 runs for each dataset (min 0.5s).
More runs automatically performed for up to 300s to ensure accurate measurement.

prefix.fut:test_hillis (no tuning file):
[1024]i32:                                        62μs (95% CI: [      61.4,       63.7])
[2048]i32:                                        66μs (95% CI: [      66.1,       67.0])
[4096]i32:                                        70μs (95% CI: [      69.6,       72.3])
[8192]i32:                                        71μs (95% CI: [      71.4,       71.6])
[16384]i32:                                       77μs (95% CI: [      76.6,       76.9])
[32768]i32:                                       81μs (95% CI: [      80.1,       84.3])
[65536]i32:                                       86μs (95% CI: [      86.1,       86.5])
[131072]i32:                                      88μs (95% CI: [      88.2,       88.5])
[262144]i32:                                      92μs (95% CI: [      91.8,       92.3])
[524288]i32:                                     121μs (95% CI: [     120.4,      120.9])
[1048576]i32:                                    359μs (95% CI: [     358.5,      358.9])
[2097152]i32:                                    679μs (95% CI: [     678.4,      679.1])
[4194304]i32:                                   1417μs (95% CI: [    1415.2,     1418.9])
[8388608]i32:                                   2862μs (95% CI: [    2859.8,     2864.0])
[16777216]i32:                                  5925μs (95% CI: [    5921.3,     5927.8])

prefix.fut:test_efficient (no tuning file):
[1024]i32:                                       213μs (95% CI: [     212.8,      213.5])
[2048]i32:                                       228μs (95% CI: [     227.6,      228.3])
[4096]i32:                                       251μs (95% CI: [     250.1,      256.1])
[8192]i32:                                       258μs (95% CI: [     257.4,      258.5])
[16384]i32:                                      278μs (95% CI: [     278.0,      278.8])
[32768]i32:                                      293μs (95% CI: [     292.8,      293.3])
[65536]i32:                                      318μs (95% CI: [     317.9,      318.8])
[131072]i32:                                     341μs (95% CI: [     340.6,      341.3])
[262144]i32:                                     359μs (95% CI: [     358.5,      359.2])
[524288]i32:                                     378μs (95% CI: [     376.8,      378.6])
[1048576]i32:                                    424μs (95% CI: [     423.2,      424.3])
[2097152]i32:                                    782μs (95% CI: [     781.3,      782.4])
[4194304]i32:                                   1461μs (95% CI: [    1458.8,     1465.8])
[8388608]i32:                                   2666μs (95% CI: [    2663.1,     2668.1])
[16777216]i32:                                  5117μs (95% CI: [    5112.2,     5121.2])
Compiling prefix.fut...
Reporting arithmetic mean runtime of at least 10 runs for each dataset (min 0.5s).
More runs automatically performed for up to 300s to ensure accurate measurement.

prefix.fut:test_hillis (no tuning file):
[1024]i32:                                        10μs (95% CI: [       9.7,        9.7])
[2048]i32:                                        18μs (95% CI: [      17.7,       17.8])
[4096]i32:                                        35μs (95% CI: [      35.2,       35.4])
[8192]i32:                                        73μs (95% CI: [      72.6,       72.9])
[16384]i32:                                      149μs (95% CI: [     148.4,      148.9])
[32768]i32:                                      322μs (95% CI: [     321.2,      322.0])
[65536]i32:                                      765μs (95% CI: [     763.2,      766.1])
[131072]i32:                                    1399μs (95% CI: [    1395.7,     1403.3])
[262144]i32:                                    3082μs (95% CI: [    3078.0,     3085.2])
[524288]i32:                                    6456μs (95% CI: [    6431.2,     6483.8])
[1048576]i32:                                  13942μs (95% CI: [   13850.9,    14045.5])
[2097152]i32:                                  30028μs (95% CI: [   29712.3,    30464.4])
[4194304]i32:                                  74000μs (95% CI: [   73156.3,    75340.8])
[8388608]i32:                                 156278μs (95% CI: [  154771.3,   158351.5])
[16777216]i32:                                341450μs (95% CI: [  339481.3,   344230.7])

prefix.fut:test_efficient (no tuning file):
[1024]i32:                                        12μs (95% CI: [      11.7,       11.8])
[2048]i32:                                        19μs (95% CI: [      19.5,       19.5])
[4096]i32:                                        34μs (95% CI: [      34.2,       34.3])
[8192]i32:                                        64μs (95% CI: [      63.5,       63.7])
[16384]i32:                                      120μs (95% CI: [     119.4,      119.7])
[32768]i32:                                      245μs (95% CI: [     244.4,      245.1])
[65536]i32:                                      486μs (95% CI: [     485.5,      487.2])
[131072]i32:                                    1037μs (95% CI: [    1035.2,     1039.2])
[262144]i32:                                    2287μs (95% CI: [    2283.8,     2290.5])
[524288]i32:                                    5142μs (95% CI: [    5109.0,     5202.1])
[1048576]i32:                                  11628μs (95% CI: [   11594.6,    11660.4])
[2097152]i32:                                  40716μs (95% CI: [   40407.5,    40848.5])
[4194304]i32:                                  85603μs (95% CI: [   85406.5,    85829.4])
[8388608]i32:                                 180161μs (95% CI: [  179197.1,   181208.4])
[16777216]i32:                                370679μs (95% CI: [  369083.8,   373351.3])
