hendrixgpu12fl.unicph.domain
0
Compiling prefix.fut...
Reporting arithmetic mean runtime of at least 10 runs for each dataset (min 0.5s).
More runs automatically performed for up to 300s to ensure accurate measurement.

prefix.fut:test_hillis (no tuning file):
[1024]i32:                                        85μs (95% CI: [      84.6,       85.0])
[2048]i32:                                        90μs (95% CI: [      89.4,       90.0])
[4096]i32:                                        93μs (95% CI: [      92.4,       95.7])
[8192]i32:                                        97μs (95% CI: [      96.5,      100.1])
[16384]i32:                                      102μs (95% CI: [     101.7,      103.5])
[32768]i32:                                      106μs (95% CI: [     105.5,      108.4])
[65536]i32:                                      112μs (95% CI: [     110.5,      117.5])
[131072]i32:                                     114μs (95% CI: [     113.4,      113.9])
[262144]i32:                                     119μs (95% CI: [     118.7,      119.2])
[524288]i32:                                     133μs (95% CI: [     132.5,      133.4])
[1048576]i32:                                    369μs (95% CI: [     368.1,      369.1])
[2097152]i32:                                    692μs (95% CI: [     691.0,      692.1])
[4194304]i32:                                   1372μs (95% CI: [    1371.4,     1372.5])
[8388608]i32:                                   2814μs (95% CI: [    2813.7,     2815.3])
[16777216]i32:                                  5873μs (95% CI: [    5871.8,     5874.0])
[33554432]i32:                                 12296μs (95% CI: [   12294.2,    12297.6])
[67108864]i32:                                 25808μs (95% CI: [   25805.6,    25810.4])
[134217728]i32:                                54144μs (95% CI: [   54137.8,    54148.4])

prefix.fut:test_efficient (no tuning file):
[1024]i32:                                       246μs (95% CI: [     245.8,      246.6])
[2048]i32:                                       261μs (95% CI: [     260.3,      261.3])
[4096]i32:                                       280μs (95% CI: [     279.2,      280.1])
[8192]i32:                                       296μs (95% CI: [     295.7,      296.6])
[16384]i32:                                      314μs (95% CI: [     313.3,      314.3])
[32768]i32:                                      334μs (95% CI: [     333.8,      334.7])
[65536]i32:                                      357μs (95% CI: [     356.2,      357.5])
[131072]i32:                                     375μs (95% CI: [     374.6,      375.9])
[262144]i32:                                     392μs (95% CI: [     391.1,      392.5])
[524288]i32:                                     413μs (95% CI: [     412.7,      413.9])
[1048576]i32:                                    456μs (95% CI: [     455.3,      456.8])
[2097152]i32:                                    801μs (95% CI: [     800.3,      801.4])
[4194304]i32:                                   1428μs (95% CI: [    1427.5,     1429.5])
[8388608]i32:                                   2626μs (95% CI: [    2624.8,     2627.2])
[16777216]i32:                                  5083μs (95% CI: [    5080.8,     5085.2])
[33554432]i32:                                  9947μs (95% CI: [    9943.6,     9950.3])
[67108864]i32:                                 19644μs (95% CI: [   19634.4,    19654.9])
[134217728]i32:                                39055μs (95% CI: [   39038.8,    39070.8])
Compiling prefix.fut...
Reporting arithmetic mean runtime of at least 10 runs for each dataset (min 0.5s).
More runs automatically performed for up to 300s to ensure accurate measurement.

prefix.fut:test_hillis (no tuning file):
[1024]i32:                                        12μs (95% CI: [      11.6,       11.7])
[2048]i32:                                        21μs (95% CI: [      21.2,       21.3])
[4096]i32:                                        42μs (95% CI: [      41.8,       41.9])
[8192]i32:                                        85μs (95% CI: [      84.7,       85.0])
[16384]i32:                                      178μs (95% CI: [     177.8,      178.4])
[32768]i32:                                      374μs (95% CI: [     373.1,      374.4])
[65536]i32:                                      919μs (95% CI: [     917.5,      920.8])
[131072]i32:                                    1681μs (95% CI: [    1678.1,     1685.1])
[262144]i32:                                    3592μs (95% CI: [    3584.3,     3602.3])
[524288]i32:                                    7833μs (95% CI: [    7810.9,     7863.1])
[1048576]i32:                                  17211μs (95% CI: [   17148.6,    17292.2])
[2097152]i32:                                  38570μs (95% CI: [   38327.9,    38985.6])
[4194304]i32:                                  87621μs (95% CI: [   87401.6,    87832.2])
[8388608]i32:                                 177576μs (95% CI: [  176881.9,   178214.4])
[16777216]i32:                                376915μs (95% CI: [  375837.8,   377718.0])
[33554432]i32:                                789522μs (95% CI: [  786986.7,   792243.7])
[67108864]i32:                               1644901μs (95% CI: [ 1641095.1,  1649227.3])
[134217728]i32:                              3420729μs (95% CI: [ 3416895.5,  3424750.0])

prefix.fut:test_efficient (no tuning file):
[1024]i32:                                        14μs (95% CI: [      14.0,       14.1])
[2048]i32:                                        23μs (95% CI: [      22.7,       22.8])
[4096]i32:                                        40μs (95% CI: [      39.9,       40.1])
[8192]i32:                                        74μs (95% CI: [      74.2,       74.5])
[16384]i32:                                      144μs (95% CI: [     143.5,      143.9])
[32768]i32:                                      286μs (95% CI: [     285.5,      286.6])
[65536]i32:                                      581μs (95% CI: [     580.0,      581.8])
[131072]i32:                                    1217μs (95% CI: [    1214.8,     1219.1])
[262144]i32:                                    2723μs (95% CI: [    2717.8,     2728.6])
[524288]i32:                                    5892μs (95% CI: [    5880.6,     5904.1])
[1048576]i32:                                  13471μs (95% CI: [   13442.6,    13501.5])
[2097152]i32:                                  43980μs (95% CI: [   43788.5,    44204.2])
[4194304]i32:                                  93276μs (95% CI: [   92953.7,    93686.9])
[8388608]i32:                                 182911μs (95% CI: [  182289.6,   183960.2])
[16777216]i32:                                374843μs (95% CI: [  373745.4,   376778.9])
[33554432]i32:                                696957μs (95% CI: [  695891.0,   697938.7])
[67108864]i32:                               1358985μs (95% CI: [ 1356173.9,  1361201.7])
[134217728]i32:                              2637284μs (95% CI: [ 2633173.0,  2639920.4])
