hendrixgpu20fl.unicph.domain
0
Compiling prefix.fut...
Reporting arithmetic mean runtime of at least 10 runs for each dataset (min 0.5s).
More runs automatically performed for up to 300s to ensure accurate measurement.

prefix.fut:test_hillis (no tuning file):
[1024]i32:                                        60μs (95% CI: [      59.9,       61.4])
[2048]i32:                                        65μs (95% CI: [      64.7,       65.0])
[4096]i32:                                        69μs (95% CI: [      69.1,       69.3])
[8192]i32:                                        73μs (95% CI: [      73.1,       73.3])
[16384]i32:                                       77μs (95% CI: [      76.2,       78.9])
[32768]i32:                                       80μs (95% CI: [      79.6,       82.1])
[65536]i32:                                       86μs (95% CI: [      84.9,       88.5])
[131072]i32:                                      94μs (95% CI: [      89.4,      115.5])
[262144]i32:                                      92μs (95% CI: [      92.2,       92.8])
[524288]i32:                                     139μs (95% CI: [     137.9,      140.8])
[1048576]i32:                                    368μs (95% CI: [     367.1,      368.3])
[2097152]i32:                                    678μs (95% CI: [     677.9,      678.8])
[4194304]i32:                                   1423μs (95% CI: [    1421.5,     1423.7])
[8388608]i32:                                   2866μs (95% CI: [    2864.3,     2867.4])
[16777216]i32:                                  5930μs (95% CI: [    5928.5,     5931.1])
[33554432]i32:                                 12353μs (95% CI: [   12346.0,    12357.4])
[67108864]i32:                                 25894μs (95% CI: [   25889.2,    25902.8])
[134217728]i32:                                54262μs (95% CI: [   54255.9,    54265.8])

prefix.fut:test_efficient (no tuning file):
[1024]i32:                                       213μs (95% CI: [     213.1,      213.5])
[2048]i32:                                       227μs (95% CI: [     226.9,      227.5])
[4096]i32:                                       241μs (95% CI: [     240.2,      240.9])
[8192]i32:                                       263μs (95% CI: [     262.7,      264.2])
[16384]i32:                                      282μs (95% CI: [     281.5,      282.1])
[32768]i32:                                      300μs (95% CI: [     299.6,      300.2])
[65536]i32:                                      314μs (95% CI: [     313.1,      314.4])
[131072]i32:                                     337μs (95% CI: [     336.5,      337.2])
[262144]i32:                                     341μs (95% CI: [     340.8,      341.6])
[524288]i32:                                     377μs (95% CI: [     376.1,      377.9])
[1048576]i32:                                    420μs (95% CI: [     419.0,      420.3])
[2097152]i32:                                    781μs (95% CI: [     780.7,      781.8])
[4194304]i32:                                   1452μs (95% CI: [    1448.8,     1454.2])
[8388608]i32:                                   2664μs (95% CI: [    2661.4,     2667.0])
[16777216]i32:                                  5111μs (95% CI: [    5106.2,     5115.9])
[33554432]i32:                                  9985μs (95% CI: [    9978.0,     9990.9])
[67108864]i32:                                 19683μs (95% CI: [   19673.0,    19691.5])
[134217728]i32:                                39126μs (95% CI: [   39108.5,    39146.7])
Compiling prefix.fut...
Reporting arithmetic mean runtime of at least 10 runs for each dataset (min 0.5s).
More runs automatically performed for up to 300s to ensure accurate measurement.

prefix.fut:test_hillis (no tuning file):
[1024]i32:                                        10μs (95% CI: [       9.7,        9.8])
[2048]i32:                                        18μs (95% CI: [      17.8,       17.8])
[4096]i32:                                        35μs (95% CI: [      35.1,       35.2])
[8192]i32:                                        72μs (95% CI: [      72.2,       72.4])
[16384]i32:                                      150μs (95% CI: [     149.7,      150.2])
[32768]i32:                                      317μs (95% CI: [     316.6,      317.8])
[65536]i32:                                      773μs (95% CI: [     770.9,      774.3])
[131072]i32:                                    1409μs (95% CI: [    1405.1,     1412.9])
[262144]i32:                                    3031μs (95% CI: [    3019.0,     3041.6])
[524288]i32:                                    6493μs (95% CI: [    6464.1,     6523.7])
[1048576]i32:                                  13836μs (95% CI: [   13715.5,    14004.2])
[2097152]i32:                                  30284μs (95% CI: [   29963.9,    30616.4])
[4194304]i32:                                  76865μs (95% CI: [   76314.4,    77216.7])
[8388608]i32:                                 159202μs (95% CI: [  158201.1,   160568.7])
[16777216]i32:                                339685μs (95% CI: [  337319.1,   342370.5])
[33554432]i32:                                724718μs (95% CI: [  721531.0,   727284.2])
[67108864]i32:                               1700205μs (95% CI: [ 1695245.2,  1712019.1])
[134217728]i32:                              4006210μs (95% CI: [ 3987903.8,  4024900.4])

prefix.fut:test_efficient (no tuning file):
[1024]i32:                                        12μs (95% CI: [      11.5,       11.6])
[2048]i32:                                        20μs (95% CI: [      19.8,       19.8])
[4096]i32:                                        34μs (95% CI: [      33.6,       33.7])
[8192]i32:                                        62μs (95% CI: [      62.1,       62.3])
[16384]i32:                                      123μs (95% CI: [     122.8,      123.2])
[32768]i32:                                      241μs (95% CI: [     240.9,      241.8])
[65536]i32:                                      488μs (95% CI: [     487.3,      489.2])
[131072]i32:                                    1033μs (95% CI: [    1030.7,     1035.4])
[262144]i32:                                    2342μs (95% CI: [    2336.2,     2347.7])
[524288]i32:                                    5283μs (95% CI: [    5272.0,     5295.8])
[1048576]i32:                                  11696μs (95% CI: [   11657.8,    11733.0])
[2097152]i32:                                  46990μs (95% CI: [   46863.4,    47186.6])
[4194304]i32:                                 112746μs (95% CI: [  111659.2,   114032.2])
[8388608]i32:                                 238681μs (95% CI: [  237266.8,   240116.5])
[16777216]i32:                                478734μs (95% CI: [  476766.0,   482046.3])
[33554432]i32:                                977398μs (95% CI: [  969511.9,   982878.0])
[67108864]i32:                               1969271μs (95% CI: [ 1962837.4,  1981796.5])
[134217728]i32:                              3781256μs (95% CI: [ 3770888.1,  3788388.2])
