hendrixgpu12fl.unicph.domain
0
Compiling segment.fut...
Reporting arithmetic mean runtime of at least 10 runs for each dataset (min 0.5s).
More runs automatically performed for up to 300s to ensure accurate measurement.

segment.fut:mine_segscan (no tuning file):

segment.fut:mine_segreduce (no tuning file):

segment.fut:bench_segscan (no tuning file):
[100]i32 [100]bool:                               25μs (95% CI: [      24.6,       24.7])
[1000]i32 [1000]bool:                             24μs (95% CI: [      24.0,       24.1])
[10000]i32 [10000]bool:                           24μs (95% CI: [      24.1,       24.2])
[100000]i32 [100000]bool:                         29μs (95% CI: [      28.9,       29.0])
[1000000]i32 [1000000]bool:                       69μs (95% CI: [      68.8,       69.0])
[10000000]i32 [10000000]bool:                    543μs (95% CI: [     542.4,      543.0])

segment.fut:bench_scan (no tuning file):
[100]i32:                                         21μs (95% CI: [      21.5,       21.5])
[1000]i32:                                        23μs (95% CI: [      22.6,       22.7])
[10000]i32:                                       23μs (95% CI: [      22.5,       22.6])
[100000]i32:                                      24μs (95% CI: [      23.7,       24.0])
[1000000]i32:                                     57μs (95% CI: [      57.2,       57.3])
[10000000]i32:                                   350μs (95% CI: [     350.3,      350.6])

segment.fut:bench_segreduce (no tuning file):
[100]i32 [100]bool:                               83μs (95% CI: [      83.1,       83.7])
[1000]i32 [1000]bool:                             85μs (95% CI: [      83.4,       92.4])
[10000]i32 [10000]bool:                           82μs (95% CI: [      81.9,       84.3])
[100000]i32 [100000]bool:                         87μs (95% CI: [      85.2,       94.3])
[1000000]i32 [1000000]bool:                      256μs (95% CI: [     254.5,      263.2])
[10000000]i32 [10000000]bool:                   1671μs (95% CI: [    1669.3,     1672.0])

segment.fut:bench_reduce (no tuning file):
[100]i32:                                         22μs (95% CI: [      22.0,       22.1])
[1000]i32:                                        22μs (95% CI: [      22.1,       22.1])
[10000]i32:                                       22μs (95% CI: [      22.0,       22.0])
[100000]i32:                                      22μs (95% CI: [      22.0,       22.0])
[1000000]i32:                                     31μs (95% CI: [      30.8,       30.9])
[10000000]i32:                                    89μs (95% CI: [      89.4,       89.6])
Compiling segment.fut...
Reporting arithmetic mean runtime of at least 10 runs for each dataset (min 0.5s).
More runs automatically performed for up to 300s to ensure accurate measurement.

segment.fut:mine_segscan (no tuning file):

segment.fut:mine_segreduce (no tuning file):

segment.fut:bench_segscan (no tuning file):
[100]i32 [100]bool:                                0μs (95% CI: [       0.4,        0.4])
[1000]i32 [1000]bool:                              2μs (95% CI: [       1.9,        1.9])
[10000]i32 [10000]bool:                           40μs (95% CI: [      40.0,       40.2])
[100000]i32 [100000]bool:                        460μs (95% CI: [     458.6,      460.7])
[1000000]i32 [1000000]bool:                     4582μs (95% CI: [    4569.4,     4596.1])
[10000000]i32 [10000000]bool:                  45643μs (95% CI: [   45555.3,    45770.0])

segment.fut:bench_scan (no tuning file):
[100]i32:                                          0μs (95% CI: [       0.3,        0.3])
[1000]i32:                                         1μs (95% CI: [       1.1,        1.1])
[10000]i32:                                        7μs (95% CI: [       7.0,        7.0])
[100000]i32:                                      48μs (95% CI: [      48.4,       48.6])
[1000000]i32:                                    481μs (95% CI: [     480.0,      482.3])
[10000000]i32:                                  7158μs (95% CI: [    7135.7,     7179.4])

segment.fut:bench_segreduce (no tuning file):
[100]i32 [100]bool:                                1μs (95% CI: [       1.1,        1.1])
[1000]i32 [1000]bool:                              6μs (95% CI: [       5.6,        5.6])
[10000]i32 [10000]bool:                          104μs (95% CI: [     103.4,      103.8])
[100000]i32 [100000]bool:                       1064μs (95% CI: [    1060.9,     1066.7])
[1000000]i32 [1000000]bool:                    15564μs (95% CI: [   15480.3,    15659.9])
[10000000]i32 [10000000]bool:                 147753μs (95% CI: [  147357.9,   148462.7])

segment.fut:bench_reduce (no tuning file):
[100]i32:                                          0μs (95% CI: [       0.2,        0.2])
[1000]i32:                                         1μs (95% CI: [       0.8,        0.8])
[10000]i32:                                        7μs (95% CI: [       6.6,        6.6])
[100000]i32:                                      44μs (95% CI: [      43.8,       44.0])
[1000000]i32:                                    412μs (95% CI: [     411.3,      412.7])
[10000000]i32:                                  4947μs (95% CI: [    4931.3,     4963.9])
Compiling segment.fut...
Reporting arithmetic mean runtime of at least 10 runs for each dataset (min 0.5s).
More runs automatically performed for up to 300s to ensure accurate measurement.

segment.fut:mine_segscan (no tuning file):

segment.fut:mine_segreduce (no tuning file):

segment.fut:bench_segscan (no tuning file):
[100]i32 [100]bool:                                1μs (95% CI: [       0.8,        0.8])
[1000]i32 [1000]bool:                              3μs (95% CI: [       3.1,        3.1])
[10000]i32 [10000]bool:                          261μs (95% CI: [     253.5,      269.2])
[100000]i32 [100000]bool:                        950μs (95% CI: [     939.8,      960.7])
[1000000]i32 [1000000]bool:                     5377μs (95% CI: [    5334.3,     5423.6])
[10000000]i32 [10000000]bool:                  46841μs (95% CI: [   46642.5,    47188.8])

segment.fut:bench_scan (no tuning file):
[100]i32:                                          1μs (95% CI: [       0.6,        0.6])
[1000]i32:                                         1μs (95% CI: [       1.4,        1.4])
[10000]i32:                                        7μs (95% CI: [       7.2,        7.3])
[100000]i32:                                     290μs (95% CI: [     280.6,      300.6])
[1000000]i32:                                   1076μs (95% CI: [    1066.2,     1085.8])
[10000000]i32:                                  8652μs (95% CI: [    8608.6,     8695.7])

segment.fut:bench_segreduce (no tuning file):
[100]i32 [100]bool:                                2μs (95% CI: [       1.9,        2.0])
[1000]i32 [1000]bool:                             10μs (95% CI: [       9.5,        9.6])
[10000]i32 [10000]bool:                          445μs (95% CI: [     432.5,      457.3])
[100000]i32 [100000]bool:                       1988μs (95% CI: [    1962.6,     2014.3])
[1000000]i32 [1000000]bool:                    15027μs (95% CI: [   14880.7,    15379.3])
[10000000]i32 [10000000]bool:                 126764μs (95% CI: [  126006.5,   127745.8])

segment.fut:bench_reduce (no tuning file):
[100]i32:                                          0μs (95% CI: [       0.4,        0.4])
[1000]i32:                                         1μs (95% CI: [       1.1,        1.1])
[10000]i32:                                        7μs (95% CI: [       6.8,        6.9])
[100000]i32:                                     192μs (95% CI: [     188.7,      195.8])
[1000000]i32:                                    577μs (95% CI: [     572.0,      582.1])
[10000000]i32:                                  4148μs (95% CI: [    4118.7,     4180.4])
