hendrixgpu11fl.unicph.domain
0
Compiling ising.fut...
Reporting arithmetic mean runtime of at least 10 runs for each dataset (min 0.5s).
More runs automatically performed for up to 300s to ensure accurate measurement.

ising.fut (no tuning file):
#1 ("0.5f32 0.1f32 100i64 10i64 2i32"):           77μs (95% CI: [      76.1,       79.0])
#2 ("0.5f32 0.1f32 1000i64 10i64 2i32"):          71μs (95% CI: [      70.3,       70.8])
#3 ("0.5f32 0.1f32 10000i64 10i64 2i32"):         97μs (95% CI: [      94.6,      110.0])
#4 ("0.5f32 0.1f32 100000i64 10i64 2i32"):        159μs (95% CI: [     158.7,      160.4])
#5 ("0.5f32 0.1f32 10i64 10i64 2i32"):            75μs (95% CI: [      74.4,       76.2])
#6 ("0.5f32 0.1f32 10i64 100i64 2i32"):           69μs (95% CI: [      69.3,       69.6])
#7 ("0.5f32 0.1f32 10i64 1000i64 2i32"):          69μs (95% CI: [      69.1,       69.4])
#8 ("0.5f32 0.1f32 10i64 10000i64 2i32"):         74μs (95% CI: [      73.6,       74.0])
#9 ("0.5f32 0.1f32 10i64 100000i64 2i32"):        144μs (95% CI: [     143.9,      144.3])
#10 ("0.5f32 0.1f32 10i64 10i64 10i32"):         241μs (95% CI: [     241.0,      241.7])
#11 ("0.5f32 0.1f32 10i64 10i64 100i32"):       2114μs (95% CI: [    2110.8,     2117.5])
#12 ("0.5f32 0.1f32 10i64 10i64 1000i32"):      20418μs (95% CI: [   20322.6,    20549.2])
#13 ("0.5f32 0.1f32 10i64 10i64 10000i32"):     206385μs (95% CI: [  203504.6,   211006.7])
#14 ("0.5f32 0.1f32 10i64 10i64 100000i32"):    2061031μs (95% CI: [ 2054068.6,  2070114.5])
#15 ("0.5f32 0.1f32 10i64 10i64 1000000i32"):   20543161μs (95% CI: [20516699.5, 20578670.7])
Compiling ising.fut...
Reporting arithmetic mean runtime of at least 10 runs for each dataset (min 0.5s).
More runs automatically performed for up to 300s to ensure accurate measurement.

ising.fut (no tuning file):
#1 ("0.5f32 0.1f32 100i64 10i64 2i32"):          118μs (95% CI: [     117.5,      117.8])
#2 ("0.5f32 0.1f32 1000i64 10i64 2i32"):        1288μs (95% CI: [    1284.2,     1292.3])
#3 ("0.5f32 0.1f32 10000i64 10i64 2i32"):      13290μs (95% CI: [   13215.0,    13379.6])
#4 ("0.5f32 0.1f32 100000i64 10i64 2i32"):     125064μs (95% CI: [  124226.4,   125761.9])
#5 ("0.5f32 0.1f32 10i64 10i64 2i32"):            14μs (95% CI: [      14.4,       14.5])
#6 ("0.5f32 0.1f32 10i64 100i64 2i32"):          118μs (95% CI: [     117.5,      117.6])
#7 ("0.5f32 0.1f32 10i64 1000i64 2i32"):        1187μs (95% CI: [    1186.7,     1188.1])
#8 ("0.5f32 0.1f32 10i64 10000i64 2i32"):      11942μs (95% CI: [   11933.4,    11962.3])
#9 ("0.5f32 0.1f32 10i64 100000i64 2i32"):     121418μs (95% CI: [  120785.8,   121833.0])
#10 ("0.5f32 0.1f32 10i64 10i64 10i32"):          63μs (95% CI: [      63.0,       63.1])
#11 ("0.5f32 0.1f32 10i64 10i64 100i32"):        605μs (95% CI: [     605.0,      605.6])
#12 ("0.5f32 0.1f32 10i64 10i64 1000i32"):       5880μs (95% CI: [    5876.7,     5882.0])
#13 ("0.5f32 0.1f32 10i64 10i64 10000i32"):      57015μs (95% CI: [   56766.6,    57222.8])
#14 ("0.5f32 0.1f32 10i64 10i64 100000i32"):     568971μs (95% CI: [  568256.8,   569879.4])
#15 ("0.5f32 0.1f32 10i64 10i64 1000000i32"):    5667322μs (95% CI: [ 5655836.3,  5694993.9])
Compiling ising.fut...
Reporting arithmetic mean runtime of at least 10 runs for each dataset (min 0.5s).
More runs automatically performed for up to 300s to ensure accurate measurement.

ising.fut (no tuning file):
#1 ("0.5f32 0.1f32 100i64 10i64 2i32"):        19457μs (95% CI: [   13490.2,    26659.5])
#2 ("0.5f32 0.1f32 1000i64 10i64 2i32"):       31907μs (95% CI: [   23171.9,    41822.2])
#3 ("0.5f32 0.1f32 10000i64 10i64 2i32"):      17279μs (95% CI: [   16469.9,    20378.0])
#4 ("0.5f32 0.1f32 100000i64 10i64 2i32"):     142390μs (95% CI: [  140623.3,   144788.4])
#5 ("0.5f32 0.1f32 10i64 10i64 2i32"):          5775μs (95% CI: [    2085.1,    12874.2])
#6 ("0.5f32 0.1f32 10i64 100i64 2i32"):        23872μs (95% CI: [   15710.2,    34836.1])
#7 ("0.5f32 0.1f32 10i64 1000i64 2i32"):       27149μs (95% CI: [   16825.8,    40638.6])
#8 ("0.5f32 0.1f32 10i64 10000i64 2i32"):      59794μs (95% CI: [   16906.3,   188984.5])
#9 ("0.5f32 0.1f32 10i64 100000i64 2i32"):     145290μs (95% CI: [  145045.0,   145659.1])
#10 ("0.5f32 0.1f32 10i64 10i64 10i32"):       16950μs (95% CI: [   12219.8,    23646.3])
#11 ("0.5f32 0.1f32 10i64 10i64 100i32"):      28831μs (95% CI: [   18019.7,    41694.0])
#12 ("0.5f32 0.1f32 10i64 10i64 1000i32"):      57899μs (95% CI: [   31840.6,    93874.5])
#13 ("0.5f32 0.1f32 10i64 10i64 10000i32"):     102354μs (95% CI: [   91910.0,   115742.6])
#14 ("0.5f32 0.1f32 10i64 10i64 100000i32"):     871071μs (95% CI: [  864795.2,   882913.2])
#15 ("0.5f32 0.1f32 10i64 10i64 1000000i32"):    8591991μs (95% CI: [ 8525736.3,  8634100.5])
