hendrixgpu11fl.unicph.domain
0
Compiling main.fut...
Reporting arithmetic mean runtime of at least 10 runs for each dataset (min 0.5s).
More runs automatically performed for up to 300s to ensure accurate measurement.

main.fut:test_process (no tuning file):
[100]i32 [100]i32:                                21μs (95% CI: [      21.0,       21.1])
[1000]i32 [1000]i32:                              22μs (95% CI: [      21.9,       22.1])
[10000]i32 [10000]i32:                            22μs (95% CI: [      22.3,       22.5])
[100000]i32 [100000]i32:                          25μs (95% CI: [      24.8,       25.0])
[1000000]i32 [1000000]i32:                        36μs (95% CI: [      35.6,       35.7])
[10000000]i32 [10000000]i32:                     147μs (95% CI: [     147.3,      147.6])

main.fut:test_process_idx (no tuning file):
[100]i32 [100]i32:                                37μs (95% CI: [      37.0,       37.2])
[1000]i32 [1000]i32:                              36μs (95% CI: [      36.4,       36.6])
[10000]i32 [10000]i32:                            37μs (95% CI: [      37.2,       37.3])
[100000]i32 [100000]i32:                          38μs (95% CI: [      37.8,       37.9])
[1000000]i32 [1000000]i32:                        49μs (95% CI: [      49.2,       49.3])
[10000000]i32 [10000000]i32:                     160μs (95% CI: [     160.0,      160.6])
Compiling main.fut...
Reporting arithmetic mean runtime of at least 10 runs for each dataset (min 0.5s).
More runs automatically performed for up to 300s to ensure accurate measurement.

main.fut:test_process (no tuning file):
[100]i32 [100]i32:                                 0μs (95% CI: [       0.2,        0.2])
[1000]i32 [1000]i32:                               1μs (95% CI: [       0.6,        0.7])
[10000]i32 [10000]i32:                             5μs (95% CI: [       5.1,        5.1])
[100000]i32 [100000]i32:                          37μs (95% CI: [      37.4,       37.5])
[1000000]i32 [1000000]i32:                       407μs (95% CI: [     405.7,      407.9])
[10000000]i32 [10000000]i32:                    6076μs (95% CI: [    6054.9,     6098.2])

main.fut:test_process_idx (no tuning file):
[100]i32 [100]i32:                                 0μs (95% CI: [       0.3,        0.3])
[1000]i32 [1000]i32:                               2μs (95% CI: [       2.1,        2.1])
[10000]i32 [10000]i32:                            15μs (95% CI: [      14.5,       14.6])
[100000]i32 [100000]i32:                         122μs (95% CI: [     122.3,      122.6])
[1000000]i32 [1000000]i32:                      1226μs (95% CI: [    1223.2,     1228.4])
[10000000]i32 [10000000]i32:                   12922μs (95% CI: [   12902.2,    12942.4])
Compiling main.fut...
Reporting arithmetic mean runtime of at least 10 runs for each dataset (min 0.5s).
More runs automatically performed for up to 300s to ensure accurate measurement.

main.fut:test_process (no tuning file):
[100]i32 [100]i32:                                 0μs (95% CI: [       0.4,        0.5])
[1000]i32 [1000]i32:                               1μs (95% CI: [       0.9,        1.0])
[10000]i32 [10000]i32:                             5μs (95% CI: [       5.3,        5.3])
[100000]i32 [100000]i32:                         172μs (95% CI: [     167.4,      176.2])
[1000000]i32 [1000000]i32:                       601μs (95% CI: [     596.1,      605.9])
[10000000]i32 [10000000]i32:                    5194μs (95% CI: [    5162.7,     5226.4])

main.fut:test_process_idx (no tuning file):
[100]i32 [100]i32:                                 1μs (95% CI: [       0.7,        0.7])
[1000]i32 [1000]i32:                               2μs (95% CI: [       2.5,        2.5])
[10000]i32 [10000]i32:                            95μs (95% CI: [      92.2,       97.8])
[100000]i32 [100000]i32:                         331μs (95% CI: [     327.2,      335.0])
[1000000]i32 [1000000]i32:                      1368μs (95% CI: [    1360.2,     1376.6])
[10000000]i32 [10000000]i32:                   11673μs (95% CI: [   11644.9,    11706.8])
